#
# There is insufficient memory for the Java Runtime Environment to continue.
# Native memory allocation (mmap) failed to map 134217728 bytes for Failed to commit area from 0x0000000081400000 to 0x0000000089400000 of length 134217728.
# Possible reasons:
#   The system is out of physical RAM or swap space
#   The process is running with CompressedOops enabled, and the Java Heap may be blocking the growth of the native heap
# Possible solutions:
#   Reduce memory load on the system
#   Increase physical memory or swap space
#   Check if swap backing store is full
#   Decrease Java heap size (-Xmx/-Xms)
#   Decrease number of Java threads
#   Decrease Java thread stack sizes (-Xss)
#   Set larger code cache with -XX:ReservedCodeCacheSize=
# This output file may be truncated or incomplete.
#
#  Out of Memory Error (t:/workspace/open/src/hotspot/os/windows/os_windows.cpp:3301), pid=6452, tid=7228
#
# JRE version:  (13.0.2+8) (build )
# Java VM: Java HotSpot(TM) 64-Bit Server VM (13.0.2+8, mixed mode, aot, sharing, tiered, compressed oops, g1 gc, windows-amd64)
# No core dump will be written. Minidumps are not enabled by default on client versions of Windows
#

---------------  S U M M A R Y ------------

Command Line: -Dfile.encoding=Cp1252 com.examplehib.MainLogic

Host: Intel(R) Core(TM) i5-7200U CPU @ 2.50GHz, 4 cores, 7G,  Windows 10 , 64 bit Build 19041 (10.0.19041.804)
Time: Thu Mar 18 01:30:57 2021 Eastern Daylight Time elapsed time: 0 seconds (0d 0h 0m 0s)

---------------  T H R E A D  ---------------

Current thread (0x0000029a395be000):  JavaThread "Unknown thread" [_thread_in_vm, id=7228, stack(0x000000f6f3e00000,0x000000f6f3f00000)]

Stack: [0x000000f6f3e00000,0x000000f6f3f00000]
Native frames: (J=compiled Java code, j=interpreted, Vv=VM code, C=native code)
V  [jvm.dll+0x624f9a]
V  [jvm.dll+0x770cfa]
V  [jvm.dll+0x7724af]
V  [jvm.dll+0x772ab3]
V  [jvm.dll+0x24bf08]
V  [jvm.dll+0x6222aa]
V  [jvm.dll+0x6170b5]
V  [jvm.dll+0x30a88c]
V  [jvm.dll+0x30a6c2]
V  [jvm.dll+0x30fe36]
V  [jvm.dll+0x353f46]
V  [jvm.dll+0x353720]
V  [jvm.dll+0x2e550a]
V  [jvm.dll+0x2e67a2]
V  [jvm.dll+0x74dd78]
V  [jvm.dll+0x361989]
V  [jvm.dll+0x730e65]
V  [jvm.dll+0x3cc53f]
V  [jvm.dll+0x3ce861]
C  [jli.dll+0x51ff]
C  [ucrtbase.dll+0x21bb2]
C  [KERNEL32.DLL+0x17034]
C  [ntdll.dll+0x52651]


---------------  P R O C E S S  ---------------

Threads class SMR info:
_java_thread_list=0x00007ff91335ccb8, length=0, elements={
}

Java Threads: ( => current thread )

Other Threads:
  0x0000029a39602000 GCTaskThread "GC Thread#0" [stack: 0x000000f6f3f00000,0x000000f6f4000000] [id=6928]
  0x0000029a39613800 ConcurrentGCThread "G1 Main Marker" [stack: 0x000000f6f4000000,0x000000f6f4100000] [id=332]
  0x0000029a39617000 ConcurrentGCThread "G1 Conc#0" [stack: 0x000000f6f4100000,0x000000f6f4200000] [id=6620]

[error occurred during error reporting (printing all threads), id 0xc0000005, EXCEPTION_ACCESS_VIOLATION (0xc0000005) at pc=0x00007ff912b951d7]

VM state:not at safepoint (not fully initialized)

VM Mutex/Monitor currently owned by a thread:  ([mutex/lock_event])
[0x0000029a395ba7e0] Heap_lock - owner thread: 0x0000029a395be000

Heap address: 0x0000000081400000, size: 2028 MB, Compressed Oops mode: Non-zero based: 0x0000000081400000
Narrow klass base: 0x0000000000000000, Narrow klass shift: 0

GC Heap History (0 events):
No events

Deoptimization events (0 events):
No events

Classes unloaded (0 events):
No events

Classes redefined (0 events):
No events

Internal exceptions (0 events):
No events

Events (8 events):
Event: 0.007 Loaded shared library C:\Program Files\Java\jdk-13.0.2\bin\zip.dll
Event: 0.007 Loaded shared library C:\Program Files\Java\jdk-13.0.2\bin\jimage.dll
Event: 0.008 Loading shared library C:\Program Files\Java\jdk-13.0.2\lib\libjava.base-coop.dll failed, error code 126
Event: 0.008 Loading shared library C:\Program Files\Java\jdk-13.0.2\lib\libjava.logging-coop.dll failed, error code 126
Event: 0.008 Loading shared library C:\Program Files\Java\jdk-13.0.2\lib\libjdk.compiler-coop.dll failed, error code 126
Event: 0.008 Loading shared library C:\Program Files\Java\jdk-13.0.2\lib\libjdk.scripting.nashorn-coop.dll failed, error code 126
Event: 0.008 Loading shared library C:\Program Files\Java\jdk-13.0.2\lib\libjdk.internal.vm.ci-coop.dll failed, error code 126
Event: 0.008 Loading shared library C:\Program Files\Java\jdk-13.0.2\lib\libjdk.internal.vm.compiler-coop.dll failed, error code 126


Dynamic libraries:
0x00007ff7fed80000 - 0x00007ff7fed8f000 	C:\Program Files\Java\jdk-13.0.2\bin\javaw.exe
0x00007ff948070000 - 0x00007ff948265000 	C:\WINDOWS\SYSTEM32\ntdll.dll
0x00007ff947e10000 - 0x00007ff947ecd000 	C:\WINDOWS\System32\KERNEL32.DLL
0x00007ff945e00000 - 0x00007ff9460c9000 	C:\WINDOWS\System32\KERNELBASE.dll
0x00007ff945ae0000 - 0x00007ff945be0000 	C:\WINDOWS\System32\ucrtbase.dll
0x00007ff936fb0000 - 0x00007ff936fc5000 	C:\Program Files\Java\jdk-13.0.2\bin\VCRUNTIME140.dll
0x00007ff93ed70000 - 0x00007ff93ed88000 	C:\Program Files\Java\jdk-13.0.2\bin\jli.dll
0x00007ff946a50000 - 0x00007ff946afc000 	C:\WINDOWS\System32\ADVAPI32.dll
0x00007ff947f10000 - 0x00007ff947fae000 	C:\WINDOWS\System32\msvcrt.dll
0x00007ff946d90000 - 0x00007ff946e2c000 	C:\WINDOWS\System32\sechost.dll
0x00007ff946920000 - 0x00007ff946a4b000 	C:\WINDOWS\System32\RPCRT4.dll
0x00007ff946f70000 - 0x00007ff947110000 	C:\WINDOWS\System32\USER32.dll
0x00007ff945dd0000 - 0x00007ff945df2000 	C:\WINDOWS\System32\win32u.dll
0x00007ff93b340000 - 0x00007ff93b5da000 	C:\WINDOWS\WinSxS\amd64_microsoft.windows.common-controls_6595b64144ccf1df_6.0.19041.844_none_ca00b6081b84eb1d\COMCTL32.dll
0x00007ff947ed0000 - 0x00007ff947efa000 	C:\WINDOWS\System32\GDI32.dll
0x00007ff945c10000 - 0x00007ff945d1b000 	C:\WINDOWS\System32\gdi32full.dll
0x00007ff945990000 - 0x00007ff945a2d000 	C:\WINDOWS\System32\msvcp_win.dll
0x00007ff93e330000 - 0x00007ff93e33a000 	C:\WINDOWS\SYSTEM32\VERSION.dll
0x00007ff946cb0000 - 0x00007ff946ce0000 	C:\WINDOWS\System32\IMM32.DLL
0x00007ff92a680000 - 0x00007ff92a71b000 	C:\Program Files\Java\jdk-13.0.2\bin\msvcp140.dll
0x00007ff9128a0000 - 0x00007ff9133fd000 	C:\Program Files\Java\jdk-13.0.2\bin\server\jvm.dll
0x00007ff947f00000 - 0x00007ff947f08000 	C:\WINDOWS\System32\PSAPI.DLL
0x00007ff9319d0000 - 0x00007ff9319d9000 	C:\WINDOWS\SYSTEM32\WSOCK32.dll
0x00007ff93c7b0000 - 0x00007ff93c7d7000 	C:\WINDOWS\SYSTEM32\WINMM.dll
0x00007ff947170000 - 0x00007ff9471db000 	C:\WINDOWS\System32\WS2_32.dll
0x00007ff944440000 - 0x00007ff944452000 	C:\WINDOWS\SYSTEM32\kernel.appcore.dll
0x00007ff93d8e0000 - 0x00007ff93d8f0000 	C:\Program Files\Java\jdk-13.0.2\bin\verify.dll
0x00007ff943d90000 - 0x00007ff943f74000 	C:\WINDOWS\SYSTEM32\DBGHELP.DLL
0x00007ff9303b0000 - 0x00007ff9303dc000 	C:\WINDOWS\SYSTEM32\dbgcore.DLL
0x00007ff9457b0000 - 0x00007ff945830000 	C:\WINDOWS\System32\bcryptPrimitives.dll
0x00007ff93d230000 - 0x00007ff93d256000 	C:\Program Files\Java\jdk-13.0.2\bin\java.dll
0x00007ff93d210000 - 0x00007ff93d227000 	C:\Program Files\Java\jdk-13.0.2\bin\zip.dll
0x00007ff93d200000 - 0x00007ff93d20a000 	C:\Program Files\Java\jdk-13.0.2\bin\jimage.dll

dbghelp: loaded successfully - version: 4.0.5 - missing functions: none
symbol engine: initialized successfully - sym options: 0x614 - pdb path: .;C:\Program Files\Java\jdk-13.0.2\bin;C:\WINDOWS\SYSTEM32;C:\WINDOWS\WinSxS\amd64_microsoft.windows.common-controls_6595b64144ccf1df_6.0.19041.844_none_ca00b6081b84eb1d;C:\Program Files\Java\jdk-13.0.2\bin\server

VM Arguments:
jvm_args: -Dfile.encoding=Cp1252 
java_command: com.examplehib.MainLogic
java_class_path (initial): D:\eclipseworkspace\HibernateExample\bin;D:\hibernate-release-5.4.29.Final\hibernate-release-5.4.29.Final\lib\required\antlr-2.7.7.jar;D:\hibernate-release-5.4.29.Final\hibernate-release-5.4.29.Final\lib\required\byte-buddy-1.10.21.jar;D:\hibernate-release-5.4.29.Final\hibernate-release-5.4.29.Final\lib\required\classmate-1.5.1.jar;D:\hibernate-release-5.4.29.Final\hibernate-release-5.4.29.Final\lib\required\dom4j-2.1.3.jar;D:\hibernate-release-5.4.29.Final\hibernate-release-5.4.29.Final\lib\required\FastInfoset-1.2.15.jar;D:\hibernate-release-5.4.29.Final\hibernate-release-5.4.29.Final\lib\required\hibernate-commons-annotations-5.1.2.Final.jar;D:\hibernate-release-5.4.29.Final\hibernate-release-5.4.29.Final\lib\required\hibernate-core-5.4.29.Final.jar;D:\hibernate-release-5.4.29.Final\hibernate-release-5.4.29.Final\lib\required\istack-commons-runtime-3.0.7.jar;D:\hibernate-release-5.4.29.Final\hibernate-release-5.4.29.Final\lib\required\jandex-2.2.3.Final.jar;D:\hibernate-release-5.4.29.Final\hibernate-release-5.4.29.Final\lib\required\javassist-3.27.0-GA.jar;D:\hibernate-release-5.4.29.Final\hibernate-release-5.4.29.Final\lib\required\javax.activation-api-1.2.0.jar;D:\hibernate-release-5.4.29.Final\hibernate-release-5.4.29.Final\lib\required\javax.persistence-api-2.2.jar;D:\hibernate-release-5.4.29.Final\hibernate-release-5.4.29.Final\lib\required\jaxb-api-2.3.1.jar;D:\hibernate-release-5.4.29.Final\hibernate-release-5.4.29.Final\lib\required\txw2-2.3.1.jar;D:\hibernate-release-5.4.29.Final\hibernate-release-5.4.29.Final\lib\required\stax-ex-1.8.jar;D:\hibernate-release-5.4.29.Final\hibernate-release-5.4.29.Final\lib\required\jaxb-runtime-2.3.1.jar;D:\hibernate-release-5.4.29.Final\hibernate-release-5.4.29.Final\lib\required\jboss-logging-3.4.1.Final.jar;D:\hibernate-release-5.4.29.Final\hibernate-release-5.4.29.Final\lib\required\jboss-transaction-api_1.2_spec-1.1.1.Final.jar;D:\eclipseworkspace\mysql-connector-java-8.0.23.jar;D:\ecli
Launcher Type: SUN_STANDARD

[Global flags]
     intx CICompilerCount                          = 3                                         {product} {ergonomic}
     uint ConcGCThreads                            = 1                                         {product} {ergonomic}
     uint G1ConcRefinementThreads                  = 4                                         {product} {ergonomic}
   size_t G1HeapRegionSize                         = 1048576                                   {product} {ergonomic}
    uintx GCDrainStackTargetSize                   = 64                                        {product} {ergonomic}
   size_t InitialHeapSize                          = 134217728                                 {product} {ergonomic}
   size_t MarkStackSize                            = 4194304                                   {product} {ergonomic}
   size_t MaxHeapSize                              = 2126512128                                {product} {ergonomic}
   size_t MinHeapDeltaBytes                        = 1048576                                   {product} {ergonomic}
   size_t MinHeapSize                              = 8388608                                   {product} {ergonomic}
    uintx NonNMethodCodeHeapSize                   = 5832780                                {pd product} {ergonomic}
    uintx NonProfiledCodeHeapSize                  = 122912730                              {pd product} {ergonomic}
    uintx ProfiledCodeHeapSize                     = 122912730                              {pd product} {ergonomic}
    uintx ReservedCodeCacheSize                    = 251658240                              {pd product} {ergonomic}
     bool SegmentedCodeCache                       = true                                      {product} {ergonomic}
   size_t SoftMaxHeapSize                          = 2126512128                             {manageable} {ergonomic}
     bool UseCompressedClassPointers               = true                                 {lp64_product} {ergonomic}
     bool UseCompressedOops                        = true                                 {lp64_product} {ergonomic}
     bool UseG1GC                                  = true                                      {product} {ergonomic}
     bool UseLargePagesIndividualAllocation        = false                                  {pd product} {ergonomic}

Logging:
Log output configuration:
 #0: stdout all=warning uptime,level,tags
 #1: stderr all=off uptime,level,tags

Environment Variables:
PATH=C:/Program Files/Java/jdk-13.0.2/bin/server;C:/Program Files/Java/jdk-13.0.2/bin;C:\Program Files (x86)\Intel\iCLS Client\;C:\Program Files\Intel\iCLS Client\;C:\WINDOWS\system32;C:\WINDOWS;C:\WINDOWS\System32\Wbem;C:\WINDOWS\System32\WindowsPowerShell\v1.0\;C:\Program Files (x86)\Intel\Intel(R) Management Engine Components\DAL;C:\Program Files\Intel\Intel(R) Management Engine Components\DAL;C:\Program Files (x86)\Intel\Intel(R) Management Engine Components\IPT;C:\Program Files\Intel\Intel(R) Management Engine Components\IPT;C:\WINDOWS\System32\OpenSSH\;C:\Program Files\Microsoft SQL Server\130\Tools\Binn\;C:\Program Files\dotnet\;C:\Program Files\Microsoft SQL Server\Client SDK\ODBC\170\Tools\Binn\;C:\Program Files\Git\cmd;C:\Program Files\nodejs\;C:\Program Files\MySQL\MySQL Shell 8.0\bin\;C:\Users\ishav\AppData\Local\Microsoft\WindowsApps;C:\Users\ishav\AppData\Local\Programs\Microsoft VS Code\bin;C:\Users\ishav\.dotnet\tools;C:\Users\ishav\AppData\Local\GitHubDesktop\bin;C:\Users\ishav\AppData\Roaming\npm;C:\Users\ishav\Desktop;
USERNAME=ishav
OS=Windows_NT
PROCESSOR_IDENTIFIER=Intel64 Family 6 Model 142 Stepping 9, GenuineIntel



---------------  S Y S T E M  ---------------

OS: Windows 10 , 64 bit Build 19041 (10.0.19041.804)

CPU:total 4 (initial active 4) (2 cores per cpu, 2 threads per core) family 6 model 142 stepping 9, cmov, cx8, fxsr, mmx, sse, sse2, sse3, ssse3, sse4.1, sse4.2, popcnt, avx, avx2, aes, clmul, erms, 3dnowpref, lzcnt, ht, tsc, tscinvbit, bmi1, bmi2, adx, fma

Memory: 4k page, system-wide physical 8107M (830M free)
TotalPageFile size 8107M (AvailPageFile size 87M)
current process WorkingSet (physical memory assigned to process): 10M, peak: 10M
current process commit charge ("private bytes"): 51M, peak: 179M

vm_info: Java HotSpot(TM) 64-Bit Server VM (13.0.2+8) for windows-amd64 JRE (13.0.2+8), built on Dec 11 2019 09:20:33 by "mach5one" with unknown MS VC++:1916

END.
