#
# There is insufficient memory for the Java Runtime Environment to continue.
# Native memory allocation (malloc) failed to allocate 1041296 bytes for Chunk::new
# Possible reasons:
#   The system is out of physical RAM or swap space
#   The process is running with CompressedOops enabled, and the Java Heap may be blocking the growth of the native heap
# Possible solutions:
#   Reduce memory load on the system
#   Increase physical memory or swap space
#   Check if swap backing store is full
#   Decrease Java heap size (-Xmx/-Xms)
#   Decrease number of Java threads
#   Decrease Java thread stack sizes (-Xss)
#   Set larger code cache with -XX:ReservedCodeCacheSize=
#   JVM is running with Unscaled Compressed Oops mode in which the Java heap is
#     placed in the first 4GB address space. The Java Heap base address is the
#     maximum limit for the native heap growth. Please use -XX:HeapBaseMinAddress
#     to set the Java Heap base and to place the Java Heap above 4GB virtual address.
# This output file may be truncated or incomplete.
#
#  Out of Memory Error (t:/workspace/open/src/hotspot/share/memory/arena.cpp:196), pid=6728, tid=3148
#
# JRE version: Java(TM) SE Runtime Environment (13.0.2+8) (build 13.0.2+8)
# Java VM: Java HotSpot(TM) 64-Bit Server VM (13.0.2+8, mixed mode, sharing, tiered, compressed oops, g1 gc, windows-amd64)
# No core dump will be written. Minidumps are not enabled by default on client versions of Windows
#

---------------  S U M M A R Y ------------

Command Line: -Dfile.encoding=Cp1252 com.hqlex.StdMain

Host: Intel(R) Core(TM) i5-7200U CPU @ 2.50GHz, 4 cores, 7G,  Windows 10 , 64 bit Build 19041 (10.0.19041.804)
Time: Fri Mar 26 11:49:07 2021 Eastern Daylight Time elapsed time: 2 seconds (0d 0h 0m 2s)

---------------  T H R E A D  ---------------

Current thread (0x000001ff78cff000):  JavaThread "C2 CompilerThread0" daemon [_thread_in_native, id=3148, stack(0x0000008b81300000,0x0000008b81400000)]


Current CompileTask:
C2:   2784 1562   !   4       com.sun.org.apache.xerces.internal.impl.XMLDocumentFragmentScannerImpl$FragmentContentDriver::next (2331 bytes)

Stack: [0x0000008b81300000,0x0000008b81400000]
Native frames: (J=compiled Java code, j=interpreted, Vv=VM code, C=native code)
V  [jvm.dll+0x624f9a]
V  [jvm.dll+0x770cfa]
V  [jvm.dll+0x7724af]
V  [jvm.dll+0x772ab3]
V  [jvm.dll+0x24bf08]
V  [jvm.dll+0xc1e47]
V  [jvm.dll+0xc23cc]
V  [jvm.dll+0x35c068]
V  [jvm.dll+0x19f2f0]
V  [jvm.dll+0x205d36]
V  [jvm.dll+0x204e3f]
V  [jvm.dll+0x189c2c]
V  [jvm.dll+0x213e6d]
V  [jvm.dll+0x2120bb]
V  [jvm.dll+0x736bb6]
V  [jvm.dll+0x72fcaa]
V  [jvm.dll+0x623ea6]
C  [ucrtbase.dll+0x21bb2]
C  [KERNEL32.DLL+0x17034]
C  [ntdll.dll+0x52651]


---------------  P R O C E S S  ---------------

Threads class SMR info:
_java_thread_list=0x000001ff7aa83b70, length=12, elements={
0x000001ff59f3a800, 0x000001ff78cda800, 0x000001ff78cde000, 0x000001ff78cfa000,
0x000001ff78cfd800, 0x000001ff78cff000, 0x000001ff78d05000, 0x000001ff78d11000,
0x000001ff79732000, 0x000001ff7973b800, 0x000001ff79fdb000, 0x000001ff7bcaa800
}

Java Threads: ( => current thread )
  0x000001ff59f3a800 JavaThread "main" [_thread_blocked, id=13084, stack(0x0000008b80700000,0x0000008b80800000)]
  0x000001ff78cda800 JavaThread "Reference Handler" daemon [_thread_blocked, id=7444, stack(0x0000008b80e00000,0x0000008b80f00000)]
  0x000001ff78cde000 JavaThread "Finalizer" daemon [_thread_blocked, id=12532, stack(0x0000008b80f00000,0x0000008b81000000)]
  0x000001ff78cfa000 JavaThread "Signal Dispatcher" daemon [_thread_blocked, id=10308, stack(0x0000008b81100000,0x0000008b81200000)]
  0x000001ff78cfd800 JavaThread "Attach Listener" daemon [_thread_blocked, id=1940, stack(0x0000008b81200000,0x0000008b81300000)]
=>0x000001ff78cff000 JavaThread "C2 CompilerThread0" daemon [_thread_in_native, id=3148, stack(0x0000008b81300000,0x0000008b81400000)]
  0x000001ff78d05000 JavaThread "C1 CompilerThread0" daemon [_thread_blocked, id=8784, stack(0x0000008b81400000,0x0000008b81500000)]
  0x000001ff78d11000 JavaThread "Sweeper thread" daemon [_thread_blocked, id=1560, stack(0x0000008b81500000,0x0000008b81600000)]
  0x000001ff79732000 JavaThread "Service Thread" daemon [_thread_blocked, id=3332, stack(0x0000008b81600000,0x0000008b81700000)]
  0x000001ff7973b800 JavaThread "Common-Cleaner" daemon [_thread_blocked, id=11164, stack(0x0000008b81800000,0x0000008b81900000)]
  0x000001ff79fdb000 JavaThread "C2 CompilerThread1" daemon [_thread_in_native, id=2704, stack(0x0000008b81b00000,0x0000008b81c00000)]
  0x000001ff7bcaa800 JavaThread "mysql-cj-abandoned-connection-cleanup" daemon [_thread_blocked, id=9088, stack(0x0000008b81c00000,0x0000008b81d00000)]

Other Threads:
  0x000001ff78cd4800 VMThread "VM Thread" [stack: 0x0000008b80d00000,0x0000008b80e00000] [id=9100]
  0x000001ff79733000 WatcherThread [stack: 0x0000008b81700000,0x0000008b81800000] [id=1632]
  0x000001ff59f81000 GCTaskThread "GC Thread#0" [stack: 0x0000008b80800000,0x0000008b80900000] [id=9508]
  0x000001ff797ee800 GCTaskThread "GC Thread#1" [stack: 0x0000008b81900000,0x0000008b81a00000] [id=7708]
  0x000001ff797ef000 GCTaskThread "GC Thread#2" [stack: 0x0000008b81a00000,0x0000008b81b00000] [id=10612]
  0x000001ff59f94000 ConcurrentGCThread "G1 Main Marker" [stack: 0x0000008b80900000,0x0000008b80a00000] [id=3384]
  0x000001ff59f95800 ConcurrentGCThread "G1 Conc#0" [stack: 0x0000008b80a00000,0x0000008b80b00000] [id=8840]
  0x000001ff5a011800 ConcurrentGCThread "G1 Refine#0" [stack: 0x0000008b80b00000,0x0000008b80c00000] [id=7144]
  0x000001ff5a012800 ConcurrentGCThread "G1 Young RemSet Sampling" [stack: 0x0000008b80c00000,0x0000008b80d00000] [id=8664]

Threads with active compile tasks:
C2 CompilerThread0     3042 1562   !   4       com.sun.org.apache.xerces.internal.impl.XMLDocumentFragmentScannerImpl$FragmentContentDriver::next (2331 bytes)
C1 CompilerThread0     3042 2360   !   2       java.io.BufferedReader::read (104 bytes)
C2 CompilerThread1     3042 2280   !   4       java.net.URL::<init> (543 bytes)

VM state:at safepoint (normal execution)

VM Mutex/Monitor currently owned by a thread:  ([mutex/lock_event])
[0x000001ff59f37690] Threads_lock - owner thread: 0x000001ff78cd4800
[0x000001ff59f36eb0] Heap_lock - owner thread: 0x000001ff59f3a800

Heap address: 0x0000000081400000, size: 2028 MB, Compressed Oops mode: 32-bit
Narrow klass base: 0x0000000800000000, Narrow klass shift: 3
Compressed class space size: 1073741824 Address: 0x0000000800b40000

Heap:
 garbage-first heap   total 131072K, used 11057K [0x0000000081400000, 0x0000000100000000)
  region size 1024K, 9 young (9216K), 9 survivors (9216K)
 Metaspace       used 18122K, capacity 18472K, committed 18560K, reserved 1079296K
  class space    used 2259K, capacity 2401K, committed 2432K, reserved 1048576K
Heap Regions: E=young(eden), S=young(survivor), O=old, HS=humongous(starts), HC=humongous(continues), CS=collection set, F=free, A=archive, TAMS=top-at-mark-start (previous, next)
|   0|0x0000000081400000, 0x0000000081500000, 0x0000000081500000|100%|HS|  |TAMS 0x0000000081400000, 0x0000000081500000| Complete 
|   1|0x0000000081500000, 0x0000000081600000, 0x0000000081600000|100%| O|  |TAMS 0x0000000081500000, 0x0000000081500000| Untracked 
|   2|0x0000000081600000, 0x000000008160b200, 0x0000000081700000|  4%| O|  |TAMS 0x0000000081600000, 0x0000000081600000| Untracked 
|   3|0x0000000081700000, 0x0000000081700000, 0x0000000081800000|  0%| F|  |TAMS 0x0000000081700000, 0x0000000081700000| Untracked 
|   4|0x0000000081800000, 0x0000000081800000, 0x0000000081900000|  0%| F|  |TAMS 0x0000000081800000, 0x0000000081800000| Untracked 
|   5|0x0000000081900000, 0x0000000081900000, 0x0000000081a00000|  0%| F|  |TAMS 0x0000000081900000, 0x0000000081900000| Untracked 
|   6|0x0000000081a00000, 0x0000000081a00000, 0x0000000081b00000|  0%| F|  |TAMS 0x0000000081a00000, 0x0000000081a00000| Untracked 
|   7|0x0000000081b00000, 0x0000000081b00000, 0x0000000081c00000|  0%| F|  |TAMS 0x0000000081b00000, 0x0000000081b00000| Untracked 
|   8|0x0000000081c00000, 0x0000000081c00000, 0x0000000081d00000|  0%| F|  |TAMS 0x0000000081c00000, 0x0000000081c00000| Untracked 
|   9|0x0000000081d00000, 0x0000000081d00000, 0x0000000081e00000|  0%| F|  |TAMS 0x0000000081d00000, 0x0000000081d00000| Untracked 
|  10|0x0000000081e00000, 0x0000000081e00000, 0x0000000081f00000|  0%| F|  |TAMS 0x0000000081e00000, 0x0000000081e00000| Untracked 
|  11|0x0000000081f00000, 0x0000000081f00000, 0x0000000082000000|  0%| F|  |TAMS 0x0000000081f00000, 0x0000000081f00000| Untracked 
|  12|0x0000000082000000, 0x0000000082000000, 0x0000000082100000|  0%| F|  |TAMS 0x0000000082000000, 0x0000000082000000| Untracked 
|  13|0x0000000082100000, 0x0000000082100000, 0x0000000082200000|  0%| F|  |TAMS 0x0000000082100000, 0x0000000082100000| Untracked 
|  14|0x0000000082200000, 0x0000000082200000, 0x0000000082300000|  0%| F|  |TAMS 0x0000000082200000, 0x0000000082200000| Untracked 
|  15|0x0000000082300000, 0x0000000082300000, 0x0000000082400000|  0%| F|  |TAMS 0x0000000082300000, 0x0000000082300000| Untracked 
|  16|0x0000000082400000, 0x0000000082400000, 0x0000000082500000|  0%| F|  |TAMS 0x0000000082400000, 0x0000000082400000| Untracked 
|  17|0x0000000082500000, 0x0000000082500000, 0x0000000082600000|  0%| F|  |TAMS 0x0000000082500000, 0x0000000082500000| Untracked 
|  18|0x0000000082600000, 0x0000000082600000, 0x0000000082700000|  0%| F|  |TAMS 0x0000000082600000, 0x0000000082600000| Untracked 
|  19|0x0000000082700000, 0x0000000082700000, 0x0000000082800000|  0%| F|  |TAMS 0x0000000082700000, 0x0000000082700000| Untracked 
|  20|0x0000000082800000, 0x0000000082800000, 0x0000000082900000|  0%| F|  |TAMS 0x0000000082800000, 0x0000000082800000| Untracked 
|  21|0x0000000082900000, 0x0000000082900000, 0x0000000082a00000|  0%| F|  |TAMS 0x0000000082900000, 0x0000000082900000| Untracked 
|  22|0x0000000082a00000, 0x0000000082a00000, 0x0000000082b00000|  0%| F|  |TAMS 0x0000000082a00000, 0x0000000082a00000| Untracked 
|  23|0x0000000082b00000, 0x0000000082b00000, 0x0000000082c00000|  0%| F|  |TAMS 0x0000000082b00000, 0x0000000082b00000| Untracked 
|  24|0x0000000082c00000, 0x0000000082c00000, 0x0000000082d00000|  0%| F|  |TAMS 0x0000000082c00000, 0x0000000082c00000| Untracked 
|  25|0x0000000082d00000, 0x0000000082d00000, 0x0000000082e00000|  0%| F|  |TAMS 0x0000000082d00000, 0x0000000082d00000| Untracked 
|  26|0x0000000082e00000, 0x0000000082e00000, 0x0000000082f00000|  0%| F|  |TAMS 0x0000000082e00000, 0x0000000082e00000| Untracked 
|  27|0x0000000082f00000, 0x0000000082f00000, 0x0000000083000000|  0%| F|  |TAMS 0x0000000082f00000, 0x0000000082f00000| Untracked 
|  28|0x0000000083000000, 0x0000000083000000, 0x0000000083100000|  0%| F|  |TAMS 0x0000000083000000, 0x0000000083000000| Untracked 
|  29|0x0000000083100000, 0x0000000083100000, 0x0000000083200000|  0%| F|  |TAMS 0x0000000083100000, 0x0000000083100000| Untracked 
|  30|0x0000000083200000, 0x0000000083200000, 0x0000000083300000|  0%| F|  |TAMS 0x0000000083200000, 0x0000000083200000| Untracked 
|  31|0x0000000083300000, 0x0000000083300000, 0x0000000083400000|  0%| F|  |TAMS 0x0000000083300000, 0x0000000083300000| Untracked 
|  32|0x0000000083400000, 0x0000000083400000, 0x0000000083500000|  0%| F|  |TAMS 0x0000000083400000, 0x0000000083400000| Untracked 
|  33|0x0000000083500000, 0x0000000083500000, 0x0000000083600000|  0%| F|  |TAMS 0x0000000083500000, 0x0000000083500000| Untracked 
|  34|0x0000000083600000, 0x0000000083600000, 0x0000000083700000|  0%| F|  |TAMS 0x0000000083600000, 0x0000000083600000| Untracked 
|  35|0x0000000083700000, 0x0000000083700000, 0x0000000083800000|  0%| F|  |TAMS 0x0000000083700000, 0x0000000083700000| Untracked 
|  36|0x0000000083800000, 0x0000000083800000, 0x0000000083900000|  0%| F|  |TAMS 0x0000000083800000, 0x0000000083800000| Untracked 
|  37|0x0000000083900000, 0x0000000083900000, 0x0000000083a00000|  0%| F|  |TAMS 0x0000000083900000, 0x0000000083900000| Untracked 
|  38|0x0000000083a00000, 0x0000000083a00000, 0x0000000083b00000|  0%| F|  |TAMS 0x0000000083a00000, 0x0000000083a00000| Untracked 
|  39|0x0000000083b00000, 0x0000000083b00000, 0x0000000083c00000|  0%| F|  |TAMS 0x0000000083b00000, 0x0000000083b00000| Untracked 
|  40|0x0000000083c00000, 0x0000000083c00000, 0x0000000083d00000|  0%| F|  |TAMS 0x0000000083c00000, 0x0000000083c00000| Untracked 
|  41|0x0000000083d00000, 0x0000000083d00000, 0x0000000083e00000|  0%| F|  |TAMS 0x0000000083d00000, 0x0000000083d00000| Untracked 
|  42|0x0000000083e00000, 0x0000000083e00000, 0x0000000083f00000|  0%| F|  |TAMS 0x0000000083e00000, 0x0000000083e00000| Untracked 
|  43|0x0000000083f00000, 0x0000000083f00000, 0x0000000084000000|  0%| F|  |TAMS 0x0000000083f00000, 0x0000000083f00000| Untracked 
|  44|0x0000000084000000, 0x0000000084000000, 0x0000000084100000|  0%| F|  |TAMS 0x0000000084000000, 0x0000000084000000| Untracked 
|  45|0x0000000084100000, 0x0000000084100000, 0x0000000084200000|  0%| F|  |TAMS 0x0000000084100000, 0x0000000084100000| Untracked 
|  46|0x0000000084200000, 0x0000000084200000, 0x0000000084300000|  0%| F|  |TAMS 0x0000000084200000, 0x0000000084200000| Untracked 
|  47|0x0000000084300000, 0x0000000084300000, 0x0000000084400000|  0%| F|  |TAMS 0x0000000084300000, 0x0000000084300000| Untracked 
|  48|0x0000000084400000, 0x0000000084400000, 0x0000000084500000|  0%| F|  |TAMS 0x0000000084400000, 0x0000000084400000| Untracked 
|  49|0x0000000084500000, 0x0000000084500000, 0x0000000084600000|  0%| F|  |TAMS 0x0000000084500000, 0x0000000084500000| Untracked 
|  50|0x0000000084600000, 0x0000000084600000, 0x0000000084700000|  0%| F|  |TAMS 0x0000000084600000, 0x0000000084600000| Untracked 
|  51|0x0000000084700000, 0x0000000084700000, 0x0000000084800000|  0%| F|  |TAMS 0x0000000084700000, 0x0000000084700000| Untracked 
|  52|0x0000000084800000, 0x0000000084800000, 0x0000000084900000|  0%| F|  |TAMS 0x0000000084800000, 0x0000000084800000| Untracked 
|  53|0x0000000084900000, 0x0000000084900000, 0x0000000084a00000|  0%| F|  |TAMS 0x0000000084900000, 0x0000000084900000| Untracked 
|  54|0x0000000084a00000, 0x0000000084a00000, 0x0000000084b00000|  0%| F|  |TAMS 0x0000000084a00000, 0x0000000084a00000| Untracked 
|  55|0x0000000084b00000, 0x0000000084b00000, 0x0000000084c00000|  0%| F|  |TAMS 0x0000000084b00000, 0x0000000084b00000| Untracked 
|  56|0x0000000084c00000, 0x0000000084c00000, 0x0000000084d00000|  0%| F|  |TAMS 0x0000000084c00000, 0x0000000084c00000| Untracked 
|  57|0x0000000084d00000, 0x0000000084d00000, 0x0000000084e00000|  0%| F|  |TAMS 0x0000000084d00000, 0x0000000084d00000| Untracked 
|  58|0x0000000084e00000, 0x0000000084e00000, 0x0000000084f00000|  0%| F|  |TAMS 0x0000000084e00000, 0x0000000084e00000| Untracked 
|  59|0x0000000084f00000, 0x0000000084f00000, 0x0000000085000000|  0%| F|  |TAMS 0x0000000084f00000, 0x0000000084f00000| Untracked 
|  60|0x0000000085000000, 0x0000000085000000, 0x0000000085100000|  0%| F|  |TAMS 0x0000000085000000, 0x0000000085000000| Untracked 
|  61|0x0000000085100000, 0x0000000085100000, 0x0000000085200000|  0%| F|  |TAMS 0x0000000085100000, 0x0000000085100000| Untracked 
|  62|0x0000000085200000, 0x0000000085200000, 0x0000000085300000|  0%| F|  |TAMS 0x0000000085200000, 0x0000000085200000| Untracked 
|  63|0x0000000085300000, 0x0000000085300000, 0x0000000085400000|  0%| F|  |TAMS 0x0000000085300000, 0x0000000085300000| Untracked 
|  64|0x0000000085400000, 0x0000000085400000, 0x0000000085500000|  0%| F|  |TAMS 0x0000000085400000, 0x0000000085400000| Untracked 
|  65|0x0000000085500000, 0x0000000085500000, 0x0000000085600000|  0%| F|  |TAMS 0x0000000085500000, 0x0000000085500000| Untracked 
|  66|0x0000000085600000, 0x0000000085600000, 0x0000000085700000|  0%| F|  |TAMS 0x0000000085600000, 0x0000000085600000| Untracked 
|  67|0x0000000085700000, 0x0000000085700000, 0x0000000085800000|  0%| F|  |TAMS 0x0000000085700000, 0x0000000085700000| Untracked 
|  68|0x0000000085800000, 0x0000000085800000, 0x0000000085900000|  0%| F|  |TAMS 0x0000000085800000, 0x0000000085800000| Untracked 
|  69|0x0000000085900000, 0x0000000085900000, 0x0000000085a00000|  0%| F|  |TAMS 0x0000000085900000, 0x0000000085900000| Untracked 
|  70|0x0000000085a00000, 0x0000000085a00000, 0x0000000085b00000|  0%| F|  |TAMS 0x0000000085a00000, 0x0000000085a00000| Untracked 
|  71|0x0000000085b00000, 0x0000000085b00000, 0x0000000085c00000|  0%| F|  |TAMS 0x0000000085b00000, 0x0000000085b00000| Untracked 
|  72|0x0000000085c00000, 0x0000000085c00000, 0x0000000085d00000|  0%| F|  |TAMS 0x0000000085c00000, 0x0000000085c00000| Untracked 
|  73|0x0000000085d00000, 0x0000000085d00000, 0x0000000085e00000|  0%| F|  |TAMS 0x0000000085d00000, 0x0000000085d00000| Untracked 
|  74|0x0000000085e00000, 0x0000000085e00000, 0x0000000085f00000|  0%| F|  |TAMS 0x0000000085e00000, 0x0000000085e00000| Untracked 
|  75|0x0000000085f00000, 0x0000000085f00000, 0x0000000086000000|  0%| F|  |TAMS 0x0000000085f00000, 0x0000000085f00000| Untracked 
|  76|0x0000000086000000, 0x0000000086000000, 0x0000000086100000|  0%| F|  |TAMS 0x0000000086000000, 0x0000000086000000| Untracked 
|  77|0x0000000086100000, 0x0000000086100000, 0x0000000086200000|  0%| F|  |TAMS 0x0000000086100000, 0x0000000086100000| Untracked 
|  78|0x0000000086200000, 0x0000000086200000, 0x0000000086300000|  0%| F|  |TAMS 0x0000000086200000, 0x0000000086200000| Untracked 
|  79|0x0000000086300000, 0x0000000086300000, 0x0000000086400000|  0%| F|  |TAMS 0x0000000086300000, 0x0000000086300000| Untracked 
|  80|0x0000000086400000, 0x0000000086400000, 0x0000000086500000|  0%| F|  |TAMS 0x0000000086400000, 0x0000000086400000| Untracked 
|  81|0x0000000086500000, 0x0000000086500000, 0x0000000086600000|  0%| F|  |TAMS 0x0000000086500000, 0x0000000086500000| Untracked 
|  82|0x0000000086600000, 0x0000000086600000, 0x0000000086700000|  0%| F|  |TAMS 0x0000000086600000, 0x0000000086600000| Untracked 
|  83|0x0000000086700000, 0x0000000086700000, 0x0000000086800000|  0%| F|  |TAMS 0x0000000086700000, 0x0000000086700000| Untracked 
|  84|0x0000000086800000, 0x0000000086800000, 0x0000000086900000|  0%| F|  |TAMS 0x0000000086800000, 0x0000000086800000| Untracked 
|  85|0x0000000086900000, 0x0000000086900000, 0x0000000086a00000|  0%| F|  |TAMS 0x0000000086900000, 0x0000000086900000| Untracked 
|  86|0x0000000086a00000, 0x0000000086a00000, 0x0000000086b00000|  0%| F|  |TAMS 0x0000000086a00000, 0x0000000086a00000| Untracked 
|  87|0x0000000086b00000, 0x0000000086b00000, 0x0000000086c00000|  0%| F|  |TAMS 0x0000000086b00000, 0x0000000086b00000| Untracked 
|  88|0x0000000086c00000, 0x0000000086c00000, 0x0000000086d00000|  0%| F|  |TAMS 0x0000000086c00000, 0x0000000086c00000| Untracked 
|  89|0x0000000086d00000, 0x0000000086d00000, 0x0000000086e00000|  0%| F|  |TAMS 0x0000000086d00000, 0x0000000086d00000| Untracked 
|  90|0x0000000086e00000, 0x0000000086e00000, 0x0000000086f00000|  0%| F|  |TAMS 0x0000000086e00000, 0x0000000086e00000| Untracked 
|  91|0x0000000086f00000, 0x0000000086f00000, 0x0000000087000000|  0%| F|  |TAMS 0x0000000086f00000, 0x0000000086f00000| Untracked 
|  92|0x0000000087000000, 0x0000000087000000, 0x0000000087100000|  0%| F|  |TAMS 0x0000000087000000, 0x0000000087000000| Untracked 
|  93|0x0000000087100000, 0x0000000087100000, 0x0000000087200000|  0%| F|  |TAMS 0x0000000087100000, 0x0000000087100000| Untracked 
|  94|0x0000000087200000, 0x0000000087200000, 0x0000000087300000|  0%| F|  |TAMS 0x0000000087200000, 0x0000000087200000| Untracked 
|  95|0x0000000087300000, 0x0000000087300000, 0x0000000087400000|  0%| F|  |TAMS 0x0000000087300000, 0x0000000087300000| Untracked 
|  96|0x0000000087400000, 0x0000000087400000, 0x0000000087500000|  0%| F|  |TAMS 0x0000000087400000, 0x0000000087400000| Untracked 
|  97|0x0000000087500000, 0x0000000087500000, 0x0000000087600000|  0%| F|  |TAMS 0x0000000087500000, 0x0000000087500000| Untracked 
|  98|0x0000000087600000, 0x0000000087600000, 0x0000000087700000|  0%| F|  |TAMS 0x0000000087600000, 0x0000000087600000| Untracked 
|  99|0x0000000087700000, 0x00000000877c1248, 0x0000000087800000| 75%| S|CS|TAMS 0x0000000087700000, 0x0000000087700000| Complete 
| 100|0x0000000087800000, 0x0000000087900000, 0x0000000087900000|100%| S|CS|TAMS 0x0000000087800000, 0x0000000087800000| Complete 
| 101|0x0000000087900000, 0x0000000087a00000, 0x0000000087a00000|100%| S|CS|TAMS 0x0000000087900000, 0x0000000087900000| Complete 
| 102|0x0000000087a00000, 0x0000000087b00000, 0x0000000087b00000|100%| S|CS|TAMS 0x0000000087a00000, 0x0000000087a00000| Complete 
| 103|0x0000000087b00000, 0x0000000087c00000, 0x0000000087c00000|100%| S|CS|TAMS 0x0000000087b00000, 0x0000000087b00000| Complete 
| 104|0x0000000087c00000, 0x0000000087d00000, 0x0000000087d00000|100%| S|CS|TAMS 0x0000000087c00000, 0x0000000087c00000| Complete 
| 105|0x0000000087d00000, 0x0000000087e00000, 0x0000000087e00000|100%| S|CS|TAMS 0x0000000087d00000, 0x0000000087d00000| Complete 
| 106|0x0000000087e00000, 0x0000000087f00000, 0x0000000087f00000|100%| S|CS|TAMS 0x0000000087e00000, 0x0000000087e00000| Complete 
| 107|0x0000000087f00000, 0x0000000088000000, 0x0000000088000000|100%| S|CS|TAMS 0x0000000087f00000, 0x0000000087f00000| Complete 
| 108|0x0000000088000000, 0x0000000088000000, 0x0000000088100000|  0%| F|  |TAMS 0x0000000088000000, 0x0000000088000000| Untracked 
| 109|0x0000000088100000, 0x0000000088100000, 0x0000000088200000|  0%| F|  |TAMS 0x0000000088100000, 0x0000000088100000| Untracked 
| 110|0x0000000088200000, 0x0000000088200000, 0x0000000088300000|  0%| F|  |TAMS 0x0000000088200000, 0x0000000088200000| Untracked 
| 111|0x0000000088300000, 0x0000000088300000, 0x0000000088400000|  0%| F|  |TAMS 0x0000000088300000, 0x0000000088300000| Untracked 
| 112|0x0000000088400000, 0x0000000088400000, 0x0000000088500000|  0%| F|  |TAMS 0x0000000088400000, 0x0000000088400000| Untracked 
| 113|0x0000000088500000, 0x0000000088500000, 0x0000000088600000|  0%| F|  |TAMS 0x0000000088500000, 0x0000000088500000| Untracked 
| 114|0x0000000088600000, 0x0000000088600000, 0x0000000088700000|  0%| F|  |TAMS 0x0000000088600000, 0x0000000088600000| Untracked 
| 115|0x0000000088700000, 0x0000000088700000, 0x0000000088800000|  0%| F|  |TAMS 0x0000000088700000, 0x0000000088700000| Untracked 
| 116|0x0000000088800000, 0x0000000088800000, 0x0000000088900000|  0%| F|  |TAMS 0x0000000088800000, 0x0000000088800000| Untracked 
| 117|0x0000000088900000, 0x0000000088900000, 0x0000000088a00000|  0%| F|  |TAMS 0x0000000088900000, 0x0000000088900000| Untracked 
| 118|0x0000000088a00000, 0x0000000088a00000, 0x0000000088b00000|  0%| F|  |TAMS 0x0000000088a00000, 0x0000000088a00000| Untracked 
| 119|0x0000000088b00000, 0x0000000088b00000, 0x0000000088c00000|  0%| F|  |TAMS 0x0000000088b00000, 0x0000000088b00000| Untracked 
| 120|0x0000000088c00000, 0x0000000088c00000, 0x0000000088d00000|  0%| F|  |TAMS 0x0000000088c00000, 0x0000000088c00000| Untracked 
| 121|0x0000000088d00000, 0x0000000088d00000, 0x0000000088e00000|  0%| F|  |TAMS 0x0000000088d00000, 0x0000000088d00000| Untracked 
| 122|0x0000000088e00000, 0x0000000088e00000, 0x0000000088f00000|  0%| F|  |TAMS 0x0000000088e00000, 0x0000000088e00000| Untracked 
| 123|0x0000000088f00000, 0x0000000088f00000, 0x0000000089000000|  0%| F|  |TAMS 0x0000000088f00000, 0x0000000088f00000| Untracked 
| 124|0x0000000089000000, 0x0000000089000000, 0x0000000089100000|  0%| F|  |TAMS 0x0000000089000000, 0x0000000089000000| Untracked 
| 125|0x0000000089100000, 0x0000000089100000, 0x0000000089200000|  0%| F|  |TAMS 0x0000000089100000, 0x0000000089100000| Untracked 
| 126|0x0000000089200000, 0x0000000089200000, 0x0000000089300000|  0%| F|  |TAMS 0x0000000089200000, 0x0000000089200000| Untracked 
| 127|0x0000000089300000, 0x0000000089300000, 0x0000000089400000|  0%| F|  |TAMS 0x0000000089300000, 0x0000000089300000| Untracked 

Card table byte_map: [0x000001ff71fb0000,0x000001ff723b0000] _byte_map_base: 0x000001ff71ba6000

Marking Bits (Prev, Next): (CMBitMap*) 0x000001ff59f81af8, (CMBitMap*) 0x000001ff59f81b38
 Prev Bits: [0x000001ff727b0000, 0x000001ff74760000)
 Next Bits: [0x000001ff74760000, 0x000001ff76710000)

Polling page: 0x000001ff585e0000

Metaspace:

Usage:
  Non-class:     15.69 MB capacity,    15.49 MB ( 99%) used,   177.11 KB (  1%) free+waste,    30.75 KB ( <1%) overhead. 
      Class:      2.34 MB capacity,     2.21 MB ( 94%) used,   126.23 KB (  5%) free+waste,    14.94 KB ( <1%) overhead. 
       Both:     18.04 MB capacity,    17.70 MB ( 98%) used,   303.34 KB (  2%) free+waste,    45.69 KB ( <1%) overhead. 

Virtual space:
  Non-class space:       30.00 MB reserved,      15.75 MB ( 52%) committed 
      Class space:        1.00 GB reserved,       2.38 MB ( <1%) committed 
             Both:        1.03 GB reserved,      18.13 MB (  2%) committed 

Chunk freelists:
   Non-Class:  57.00 KB
       Class:  31.00 KB
        Both:  88.00 KB

MaxMetaspaceSize: 17179869184.00 GB
CompressedClassSpaceSize: 1.00 GB

CodeHeap 'non-profiled nmethods': size=120000Kb used=862Kb max_used=862Kb free=119137Kb
 bounds [0x000001ff69f20000, 0x000001ff6a190000, 0x000001ff71450000]
CodeHeap 'profiled nmethods': size=120000Kb used=5247Kb max_used=5247Kb free=114752Kb
 bounds [0x000001ff629f0000, 0x000001ff62f10000, 0x000001ff69f20000]
CodeHeap 'non-nmethods': size=5760Kb used=1237Kb max_used=1248Kb free=4522Kb
 bounds [0x000001ff62450000, 0x000001ff626c0000, 0x000001ff629f0000]
 total_blobs=3612 nmethods=2336 adapters=414
 compilation: enabled
              stopped_count=0, restarted_count=0
 full_count=0

Compilation events (20 events):
Event: 2.176 Thread 0x000001ff78d05000 1774       2       java.util.HashMap$EntrySet::iterator (12 bytes)
Event: 2.176 Thread 0x000001ff78d05000 nmethod 1774 0x000001ff62e07690 code [0x000001ff62e07840, 0x000001ff62e07ab0]
Event: 2.176 Thread 0x000001ff78d05000 1775       2       java.util.HashMap$EntryIterator::<init> (11 bytes)
Event: 2.177 Thread 0x000001ff78d05000 nmethod 1775 0x000001ff62e07b90 code [0x000001ff62e07d40, 0x000001ff62e07f30]
Event: 2.177 Thread 0x000001ff78d05000 1780       1       sun.reflect.generics.reflectiveObjects.ParameterizedTypeImpl::getOwnerType (5 bytes)
Event: 2.177 Thread 0x000001ff78d05000 nmethod 1780 0x000001ff69fc0890 code [0x000001ff69fc0a20, 0x000001ff69fc0b58]
Event: 2.177 Thread 0x000001ff78d05000 1782       2       com.sun.xml.bind.v2.model.nav.ReflectionNavigator::getFieldName (9 bytes)
Event: 2.177 Thread 0x000001ff78d05000 nmethod 1782 0x000001ff62e08010 code [0x000001ff62e081c0, 0x000001ff62e08378]
Event: 2.177 Thread 0x000001ff78d05000 1783       2       com.sun.xml.bind.v2.model.nav.ReflectionNavigator::getFieldName (5 bytes)
Event: 2.177 Thread 0x000001ff78d05000 nmethod 1783 0x000001ff62e08490 code [0x000001ff62e08620, 0x000001ff62e08798]
Event: 2.178 Thread 0x000001ff78d05000 1784       2       java.nio.ByteBuffer::position (6 bytes)
Event: 2.178 Thread 0x000001ff78d05000 nmethod 1784 0x000001ff62e08890 code [0x000001ff62e08a40, 0x000001ff62e08bf0]
Event: 2.179 Thread 0x000001ff78d05000 1785       2       com.sun.xml.bind.v2.model.impl.RuntimeClassInfoImpl$RuntimePropertySeed::getName (10 bytes)
Event: 2.179 Thread 0x000001ff78d05000 nmethod 1785 0x000001ff62e08c90 code [0x000001ff62e08e40, 0x000001ff62e08ff0]
Event: 2.179 Thread 0x000001ff78d05000 1786       2       com.sun.xml.bind.v2.model.impl.FieldPropertySeed::getName (17 bytes)
Event: 2.179 Thread 0x000001ff78d05000 nmethod 1786 0x000001ff62e09090 code [0x000001ff62e09240, 0x000001ff62e09458]
Event: 2.180 Thread 0x000001ff78d05000 1787       2       javax.xml.namespace.QName::<init> (61 bytes)
Event: 2.180 Thread 0x000001ff78d05000 nmethod 1787 0x000001ff62e09610 code [0x000001ff62e097e0, 0x000001ff62e09c80]
Event: 2.181 Thread 0x000001ff78d05000 1788       2       sun.reflect.generics.reflectiveObjects.ParameterizedTypeImpl::getRawType (5 bytes)
Event: 2.181 Thread 0x000001ff78d05000 nmethod 1788 0x000001ff62e09d90 code [0x000001ff62e09f20, 0x000001ff62e0a098]

GC Heap History (4 events):
Event: 0.165 GC heap before
{Heap before GC invocations=0 (full 0):
 garbage-first heap   total 131072K, used 14336K [0x0000000081400000, 0x0000000100000000)
  region size 1024K, 14 young (14336K), 0 survivors (0K)
 Metaspace       used 249K, capacity 4486K, committed 4864K, reserved 1056768K
  class space    used 8K, capacity 386K, committed 512K, reserved 1048576K
}
Event: 0.168 GC heap after
{Heap after GC invocations=1 (full 0):
 garbage-first heap   total 131072K, used 2154K [0x0000000081400000, 0x0000000100000000)
  region size 1024K, 2 young (2048K), 2 survivors (2048K)
 Metaspace       used 249K, capacity 4486K, committed 4864K, reserved 1056768K
  class space    used 8K, capacity 386K, committed 512K, reserved 1048576K
}
Event: 2.151 GC heap before
{Heap before GC invocations=1 (full 0):
 garbage-first heap   total 131072K, used 76906K [0x0000000081400000, 0x0000000100000000)
  region size 1024K, 76 young (77824K), 2 survivors (2048K)
 Metaspace       used 13539K, capacity 13799K, committed 13952K, reserved 1060864K
  class space    used 1774K, capacity 1873K, committed 1920K, reserved 1048576K
}
Event: 2.162 GC heap after
{Heap after GC invocations=2 (full 0):
 garbage-first heap   total 131072K, used 7140K [0x0000000081400000, 0x0000000100000000)
  region size 1024K, 6 young (6144K), 6 survivors (6144K)
 Metaspace       used 13539K, capacity 13799K, committed 13952K, reserved 1060864K
  class space    used 1774K, capacity 1873K, committed 1920K, reserved 1048576K
}

Deoptimization events (20 events):
Event: 2.021 Thread 0x000001ff59f3a800 DEOPT PACKING pc=0x000001ff62dd113f sp=0x0000008b807fbb40
Event: 2.021 Thread 0x000001ff59f3a800 DEOPT UNPACKING pc=0x000001ff6249964e sp=0x0000008b807faff8 mode 0
Event: 2.023 Thread 0x000001ff59f3a800 DEOPT PACKING pc=0x000001ff62dd4624 sp=0x0000008b807fbc50
Event: 2.023 Thread 0x000001ff59f3a800 DEOPT UNPACKING pc=0x000001ff6249964e sp=0x0000008b807fb0f8 mode 0
Event: 2.023 Thread 0x000001ff59f3a800 DEOPT PACKING pc=0x000001ff62dd113f sp=0x0000008b807fbc40
Event: 2.023 Thread 0x000001ff59f3a800 DEOPT UNPACKING pc=0x000001ff6249964e sp=0x0000008b807fb0f8 mode 0
Event: 2.023 Thread 0x000001ff59f3a800 DEOPT PACKING pc=0x000001ff62dd113f sp=0x0000008b807fbc40
Event: 2.023 Thread 0x000001ff59f3a800 DEOPT UNPACKING pc=0x000001ff6249964e sp=0x0000008b807fb0f8 mode 0
Event: 2.024 Thread 0x000001ff59f3a800 DEOPT PACKING pc=0x000001ff62dd4624 sp=0x0000008b807fbc50
Event: 2.024 Thread 0x000001ff59f3a800 DEOPT UNPACKING pc=0x000001ff6249964e sp=0x0000008b807fb0f8 mode 0
Event: 2.024 Thread 0x000001ff59f3a800 DEOPT PACKING pc=0x000001ff62dd113f sp=0x0000008b807fbc40
Event: 2.024 Thread 0x000001ff59f3a800 DEOPT UNPACKING pc=0x000001ff6249964e sp=0x0000008b807fb0f8 mode 0
Event: 2.024 Thread 0x000001ff59f3a800 DEOPT PACKING pc=0x000001ff62dd113f sp=0x0000008b807fbc40
Event: 2.024 Thread 0x000001ff59f3a800 DEOPT UNPACKING pc=0x000001ff6249964e sp=0x0000008b807fb0f8 mode 0
Event: 2.041 Thread 0x000001ff59f3a800 Uncommon trap: trap_request=0xffffff45 fr.pc=0x000001ff69fac774 relative=0x00000000000000d4
Event: 2.041 Thread 0x000001ff59f3a800 Uncommon trap: reason=unstable_if action=reinterpret pc=0x000001ff69fac774 method=com.sun.org.apache.xerces.internal.impl.dtd.models.CMStateSet.getBit(I)Z @ 37 c2
Event: 2.041 Thread 0x000001ff59f3a800 DEOPT PACKING pc=0x000001ff69fac774 sp=0x0000008b807fd300
Event: 2.041 Thread 0x000001ff59f3a800 DEOPT UNPACKING pc=0x000001ff6249912f sp=0x0000008b807fd278 mode 2
Event: 2.052 Thread 0x000001ff59f3a800 DEOPT PACKING pc=0x000001ff62c3b968 sp=0x0000008b807fe170
Event: 2.052 Thread 0x000001ff59f3a800 DEOPT UNPACKING pc=0x000001ff6249964e sp=0x0000008b807fd688 mode 0

Classes unloaded (0 events):
No events

Classes redefined (0 events):
No events

Internal exceptions (9 events):
Event: 0.346 Thread 0x000001ff59f3a800 Exception <a 'java/lang/NoSuchMethodError'{0x0000000087711458}: 'void java.lang.invoke.DelegatingMethodHandle$Holder.delegate(java.lang.Object, java.lang.Object, int, java.lang.Object)'> (0x0000000087711458) 
thrown [t:/workspace/open/src/hotspot/share/interpreter/linkResolver.cpp, line 767]
Event: 0.348 Thread 0x000001ff59f3a800 Exception <a 'java/lang/NoSuchMethodError'{0x0000000087718158}: 'java.lang.Object java.lang.invoke.DirectMethodHandle$Holder.invokeStaticInit(java.lang.Object, java.lang.Object, java.lang.Object)'> (0x0000000087718158) 
thrown [t:/workspace/open/src/hotspot/share/interpreter/linkResolver.cpp, line 767]
Event: 0.513 Thread 0x000001ff59f3a800 Exception <a 'java/lang/NoSuchMethodError'{0x0000000087410f60}: 'java.lang.Object java.lang.invoke.DirectMethodHandle$Holder.invokeStatic(java.lang.Object, int, java.lang.Object)'> (0x0000000087410f60) 
thrown [t:/workspace/open/src/hotspot/share/interpreter/linkResolver.cpp, line 767]
Event: 0.968 Thread 0x000001ff59f3a800 Exception <a 'java/lang/NullPointerException'{0x000000008688c4d0}> (0x000000008688c4d0) 
thrown [t:/workspace/open/src/hotspot/share/interpreter/linkResolver.cpp, line 1431]
Event: 1.018 Thread 0x000001ff59f3a800 Implicit null exception at 0x000001ff69f63a31 to 0x000001ff69f64f3a
Event: 1.216 Thread 0x000001ff59f3a800 Exception <a 'java/lang/NoSuchMethodError'{0x000000008606f738}: 'int java.lang.invoke.DirectMethodHandle$Holder.invokeSpecialIFC(java.lang.Object, java.lang.Object, int)'> (0x000000008606f738) 
thrown [t:/workspace/open/src/hotspot/share/interpreter/linkResolver.cpp, line 767]
Event: 1.221 Thread 0x000001ff59f3a800 Exception <a 'java/lang/ClassNotFoundException'{0x0000000086081858}: com/sun/org/apache/xerces/internal/impl/xpath/regex/spi/messageProvider> (0x0000000086081858) 
thrown [t:/workspace/open/src/hotspot/share/classfile/systemDictionary.cpp, line 232]
Event: 1.336 Thread 0x000001ff59f3a800 Exception <a 'java/lang/NoSuchMethodError'{0x0000000085de1b18}: 'java.lang.Object java.lang.invoke.DirectMethodHandle$Holder.invokeStaticInit(java.lang.Object, int, int, int, int)'> (0x0000000085de1b18) 
thrown [t:/workspace/open/src/hotspot/share/interpreter/linkResolver.cpp, line 767]
Event: 1.560 Thread 0x000001ff59f3a800 Exception <a 'java/lang/NoSuchMethodError'{0x0000000085ca06c0}: 'java.lang.Object java.lang.invoke.DirectMethodHandle$Holder.invokeStaticInit(java.lang.Object, java.lang.Object, int, int, int, int)'> (0x0000000085ca06c0) 
thrown [t:/workspace/open/src/hotspot/share/interpreter/linkResolver.cpp, line 767]

Events (20 events):
Event: 2.168 Executing VM operation: RevokeBias
Event: 2.168 Executing VM operation: RevokeBias done
Event: 2.168 Executing VM operation: RevokeBias
Event: 2.169 Executing VM operation: RevokeBias done
Event: 2.169 Executing VM operation: RevokeBias
Event: 2.169 Executing VM operation: RevokeBias done
Event: 2.169 Executing VM operation: RevokeBias
Event: 2.169 Executing VM operation: RevokeBias done
Event: 2.169 loading class org/hibernate/boot/jaxb/hbm/spi/JaxbHbmKeyType
Event: 2.169 loading class org/hibernate/boot/jaxb/hbm/spi/JaxbHbmKeyType done
Event: 2.170 loading class org/hibernate/boot/jaxb/hbm/spi/JaxbHbmTypeSpecificationType
Event: 2.170 loading class org/hibernate/boot/jaxb/hbm/spi/JaxbHbmTypeSpecificationType done
Event: 2.170 loading class org/hibernate/boot/jaxb/hbm/spi/JaxbHbmCustomSqlDmlType
Event: 2.170 loading class org/hibernate/boot/jaxb/hbm/spi/JaxbHbmCustomSqlDmlType done
Event: 2.170 loading class org/hibernate/boot/jaxb/hbm/spi/JaxbHbmTuplizerType
Event: 2.170 loading class org/hibernate/boot/jaxb/hbm/spi/JaxbHbmTuplizerType done
Event: 2.178 loading class org/hibernate/boot/jaxb/hbm/spi/Adapter4
Event: 2.178 loading class org/hibernate/boot/jaxb/hbm/spi/Adapter4 done
Event: 2.180 loading class org/hibernate/boot/jaxb/hbm/spi/JaxbHbmOnDeleteEnum
Event: 2.180 loading class org/hibernate/boot/jaxb/hbm/spi/JaxbHbmOnDeleteEnum done


Dynamic libraries:
0x00007ff7f3930000 - 0x00007ff7f393f000 	C:\Program Files\Java\jdk-13.0.2\bin\javaw.exe
0x00007ff893ad0000 - 0x00007ff893cc5000 	C:\WINDOWS\SYSTEM32\ntdll.dll
0x00007ff891e00000 - 0x00007ff891ebd000 	C:\WINDOWS\System32\KERNEL32.DLL
0x00007ff8914c0000 - 0x00007ff891789000 	C:\WINDOWS\System32\KERNELBASE.dll
0x00007ff891a30000 - 0x00007ff891b30000 	C:\WINDOWS\System32\ucrtbase.dll
0x00007ff87fd60000 - 0x00007ff87fd78000 	C:\Program Files\Java\jdk-13.0.2\bin\jli.dll
0x00007ff87a120000 - 0x00007ff87a135000 	C:\Program Files\Java\jdk-13.0.2\bin\VCRUNTIME140.dll
0x00007ff891ec0000 - 0x00007ff891f6c000 	C:\WINDOWS\System32\ADVAPI32.dll
0x00007ff892000000 - 0x00007ff89209e000 	C:\WINDOWS\System32\msvcrt.dll
0x00007ff892fd0000 - 0x00007ff89306c000 	C:\WINDOWS\System32\sechost.dll
0x00007ff891b30000 - 0x00007ff891c5b000 	C:\WINDOWS\System32\RPCRT4.dll
0x00007ff891c60000 - 0x00007ff891e00000 	C:\WINDOWS\System32\USER32.dll
0x00007ff8918a0000 - 0x00007ff8918c2000 	C:\WINDOWS\System32\win32u.dll
0x00007ff892480000 - 0x00007ff8924aa000 	C:\WINDOWS\System32\GDI32.dll
0x00007ff891790000 - 0x00007ff89189b000 	C:\WINDOWS\System32\gdi32full.dll
0x00007ff891370000 - 0x00007ff89140d000 	C:\WINDOWS\System32\msvcp_win.dll
0x00007ff882a40000 - 0x00007ff882cda000 	C:\WINDOWS\WinSxS\amd64_microsoft.windows.common-controls_6595b64144ccf1df_6.0.19041.844_none_ca00b6081b84eb1d\COMCTL32.dll
0x00007ff889ca0000 - 0x00007ff889caa000 	C:\WINDOWS\SYSTEM32\VERSION.dll
0x00007ff892df0000 - 0x00007ff892e20000 	C:\WINDOWS\System32\IMM32.DLL
0x00007ff8793e0000 - 0x00007ff87947b000 	C:\Program Files\Java\jdk-13.0.2\bin\msvcp140.dll
0x00007ff85a800000 - 0x00007ff85b35d000 	C:\Program Files\Java\jdk-13.0.2\bin\server\jvm.dll
0x00007ff892470000 - 0x00007ff892478000 	C:\WINDOWS\System32\PSAPI.DLL
0x00007ff87f7f0000 - 0x00007ff87f7f9000 	C:\WINDOWS\SYSTEM32\WSOCK32.dll
0x00007ff8937c0000 - 0x00007ff89382b000 	C:\WINDOWS\System32\WS2_32.dll
0x00007ff8886b0000 - 0x00007ff8886d7000 	C:\WINDOWS\SYSTEM32\WINMM.dll
0x00007ff88fea0000 - 0x00007ff88feb2000 	C:\WINDOWS\SYSTEM32\kernel.appcore.dll
0x00007ff8885c0000 - 0x00007ff8885d0000 	C:\Program Files\Java\jdk-13.0.2\bin\verify.dll
0x00007ff88f7f0000 - 0x00007ff88f9d4000 	C:\WINDOWS\SYSTEM32\DBGHELP.DLL
0x00007ff87e210000 - 0x00007ff87e23c000 	C:\WINDOWS\SYSTEM32\dbgcore.DLL
0x00007ff891240000 - 0x00007ff8912c0000 	C:\WINDOWS\System32\bcryptPrimitives.dll
0x00007ff880940000 - 0x00007ff880966000 	C:\Program Files\Java\jdk-13.0.2\bin\java.dll
0x00007ff882480000 - 0x00007ff882497000 	C:\Program Files\Java\jdk-13.0.2\bin\zip.dll
0x00007ff887430000 - 0x00007ff88743a000 	C:\Program Files\Java\jdk-13.0.2\bin\jimage.dll
0x00007ff893070000 - 0x00007ff8937b2000 	C:\WINDOWS\System32\SHELL32.dll
0x00007ff88ef60000 - 0x00007ff88f6f0000 	C:\WINDOWS\SYSTEM32\windows.storage.dll
0x00007ff8920b0000 - 0x00007ff892405000 	C:\WINDOWS\System32\combase.dll
0x00007ff890bb0000 - 0x00007ff890bdc000 	C:\WINDOWS\SYSTEM32\Wldp.dll
0x00007ff8928d0000 - 0x00007ff89297e000 	C:\WINDOWS\System32\SHCORE.dll
0x00007ff892410000 - 0x00007ff892465000 	C:\WINDOWS\System32\shlwapi.dll
0x00007ff891150000 - 0x00007ff89116f000 	C:\WINDOWS\SYSTEM32\profapi.dll
0x00007ff881e10000 - 0x00007ff881e29000 	C:\Program Files\Java\jdk-13.0.2\bin\net.dll
0x00007ff8821e0000 - 0x00007ff8822ec000 	C:\WINDOWS\SYSTEM32\WINHTTP.dll
0x00007ff890930000 - 0x00007ff89099a000 	C:\WINDOWS\system32\mswsock.dll
0x00007ff8808d0000 - 0x00007ff8808e3000 	C:\Program Files\Java\jdk-13.0.2\bin\nio.dll
0x00007ff890b00000 - 0x00007ff890b18000 	C:\WINDOWS\SYSTEM32\CRYPTSP.dll
0x00007ff8902d0000 - 0x00007ff890304000 	C:\WINDOWS\system32\rsaenh.dll
0x00007ff891210000 - 0x00007ff891237000 	C:\WINDOWS\System32\bcrypt.dll
0x00007ff8910d0000 - 0x00007ff8910fe000 	C:\WINDOWS\SYSTEM32\USERENV.dll
0x00007ff890b20000 - 0x00007ff890b2c000 	C:\WINDOWS\SYSTEM32\CRYPTBASE.dll
0x00007ff890620000 - 0x00007ff89065b000 	C:\WINDOWS\SYSTEM32\IPHLPAPI.DLL
0x00007ff8920a0000 - 0x00007ff8920a8000 	C:\WINDOWS\System32\NSI.dll
0x00007ff88ef20000 - 0x00007ff88ef37000 	C:\WINDOWS\SYSTEM32\dhcpcsvc6.DLL
0x00007ff88ef00000 - 0x00007ff88ef1d000 	C:\WINDOWS\SYSTEM32\dhcpcsvc.DLL
0x00007ff890660000 - 0x00007ff89072b000 	C:\WINDOWS\SYSTEM32\DNSAPI.dll
0x00007ff881db0000 - 0x00007ff881dba000 	C:\Windows\System32\rasadhlp.dll
0x00007ff8827f0000 - 0x00007ff88286f000 	C:\WINDOWS\System32\fwpuclnt.dll
0x00007ff882000000 - 0x00007ff88200e000 	C:\Program Files\Java\jdk-13.0.2\bin\sunmscapi.dll
0x00007ff8918d0000 - 0x00007ff891a2f000 	C:\WINDOWS\System32\CRYPT32.dll
0x00007ff890c20000 - 0x00007ff890c47000 	C:\WINDOWS\SYSTEM32\ncrypt.dll
0x00007ff890be0000 - 0x00007ff890c1b000 	C:\WINDOWS\SYSTEM32\NTASN1.dll
0x00007ff879fd0000 - 0x00007ff879ff5000 	C:\Program Files\Java\jdk-13.0.2\bin\sunec.dll

dbghelp: loaded successfully - version: 4.0.5 - missing functions: none
symbol engine: initialized successfully - sym options: 0x614 - pdb path: .;C:\Program Files\Java\jdk-13.0.2\bin;C:\WINDOWS\SYSTEM32;C:\WINDOWS\WinSxS\amd64_microsoft.windows.common-controls_6595b64144ccf1df_6.0.19041.844_none_ca00b6081b84eb1d;C:\Program Files\Java\jdk-13.0.2\bin\server

VM Arguments:
jvm_args: -Dfile.encoding=Cp1252 
java_command: com.hqlex.StdMain
java_class_path (initial): D:\eclipseworkspace\HQLExample\bin;D:\hibernate-release-5.4.29.Final\hibernate-release-5.4.29.Final\lib\required\antlr-2.7.7.jar;D:\hibernate-release-5.4.29.Final\hibernate-release-5.4.29.Final\lib\required\byte-buddy-1.10.21.jar;D:\hibernate-release-5.4.29.Final\hibernate-release-5.4.29.Final\lib\required\classmate-1.5.1.jar;D:\hibernate-release-5.4.29.Final\hibernate-release-5.4.29.Final\lib\required\dom4j-2.1.3.jar;D:\hibernate-release-5.4.29.Final\hibernate-release-5.4.29.Final\lib\required\FastInfoset-1.2.15.jar;D:\hibernate-release-5.4.29.Final\hibernate-release-5.4.29.Final\lib\required\hibernate-commons-annotations-5.1.2.Final.jar;D:\hibernate-release-5.4.29.Final\hibernate-release-5.4.29.Final\lib\required\hibernate-core-5.4.29.Final.jar;D:\hibernate-release-5.4.29.Final\hibernate-release-5.4.29.Final\lib\required\istack-commons-runtime-3.0.7.jar;D:\hibernate-release-5.4.29.Final\hibernate-release-5.4.29.Final\lib\required\jandex-2.2.3.Final.jar;D:\hibernate-release-5.4.29.Final\hibernate-release-5.4.29.Final\lib\required\javassist-3.27.0-GA.jar;D:\hibernate-release-5.4.29.Final\hibernate-release-5.4.29.Final\lib\required\javax.activation-api-1.2.0.jar;D:\hibernate-release-5.4.29.Final\hibernate-release-5.4.29.Final\lib\required\javax.persistence-api-2.2.jar;D:\hibernate-release-5.4.29.Final\hibernate-release-5.4.29.Final\lib\required\jaxb-api-2.3.1.jar;D:\hibernate-release-5.4.29.Final\hibernate-release-5.4.29.Final\lib\required\txw2-2.3.1.jar;D:\hibernate-release-5.4.29.Final\hibernate-release-5.4.29.Final\lib\required\stax-ex-1.8.jar;D:\hibernate-release-5.4.29.Final\hibernate-release-5.4.29.Final\lib\required\jaxb-runtime-2.3.1.jar;D:\hibernate-release-5.4.29.Final\hibernate-release-5.4.29.Final\lib\required\jboss-logging-3.4.1.Final.jar;D:\hibernate-release-5.4.29.Final\hibernate-release-5.4.29.Final\lib\required\jboss-transaction-api_1.2_spec-1.1.1.Final.jar;D:\eclipseworkspace\mysql-connector-java-8.0.23.jar;D:\eclipsewor
Launcher Type: SUN_STANDARD

[Global flags]
     intx CICompilerCount                          = 3                                         {product} {ergonomic}
     uint ConcGCThreads                            = 1                                         {product} {ergonomic}
     uint G1ConcRefinementThreads                  = 4                                         {product} {ergonomic}
   size_t G1HeapRegionSize                         = 1048576                                   {product} {ergonomic}
    uintx GCDrainStackTargetSize                   = 64                                        {product} {ergonomic}
   size_t InitialHeapSize                          = 134217728                                 {product} {ergonomic}
   size_t MarkStackSize                            = 4194304                                   {product} {ergonomic}
   size_t MaxHeapSize                              = 2126512128                                {product} {ergonomic}
   size_t MaxNewSize                               = 1275068416                                {product} {ergonomic}
   size_t MinHeapDeltaBytes                        = 1048576                                   {product} {ergonomic}
   size_t MinHeapSize                              = 8388608                                   {product} {ergonomic}
    uintx NonNMethodCodeHeapSize                   = 5832780                                {pd product} {ergonomic}
    uintx NonProfiledCodeHeapSize                  = 122912730                              {pd product} {ergonomic}
    uintx ProfiledCodeHeapSize                     = 122912730                              {pd product} {ergonomic}
    uintx ReservedCodeCacheSize                    = 251658240                              {pd product} {ergonomic}
     bool SegmentedCodeCache                       = true                                      {product} {ergonomic}
   size_t SoftMaxHeapSize                          = 2126512128                             {manageable} {ergonomic}
     bool UseCompressedClassPointers               = true                                 {lp64_product} {ergonomic}
     bool UseCompressedOops                        = true                                 {lp64_product} {ergonomic}
     bool UseG1GC                                  = true                                      {product} {ergonomic}
     bool UseLargePagesIndividualAllocation        = false                                  {pd product} {ergonomic}

Logging:
Log output configuration:
 #0: stdout all=warning uptime,level,tags
 #1: stderr all=off uptime,level,tags

Environment Variables:
PATH=C:/Program Files/Java/jdk-13.0.2/bin/server;C:/Program Files/Java/jdk-13.0.2/bin;C:\Program Files (x86)\Intel\iCLS Client\;C:\Program Files\Intel\iCLS Client\;C:\WINDOWS\system32;C:\WINDOWS;C:\WINDOWS\System32\Wbem;C:\WINDOWS\System32\WindowsPowerShell\v1.0\;C:\Program Files (x86)\Intel\Intel(R) Management Engine Components\DAL;C:\Program Files\Intel\Intel(R) Management Engine Components\DAL;C:\Program Files (x86)\Intel\Intel(R) Management Engine Components\IPT;C:\Program Files\Intel\Intel(R) Management Engine Components\IPT;C:\WINDOWS\System32\OpenSSH\;C:\Program Files\Microsoft SQL Server\130\Tools\Binn\;C:\Program Files\dotnet\;C:\Program Files\Microsoft SQL Server\Client SDK\ODBC\170\Tools\Binn\;C:\Program Files\Git\cmd;C:\Program Files\nodejs\;C:\Program Files\MySQL\MySQL Shell 8.0\bin\;C:\Users\ishav\AppData\Local\Microsoft\WindowsApps;C:\Users\ishav\AppData\Local\Programs\Microsoft VS Code\bin;C:\Users\ishav\.dotnet\tools;C:\Users\ishav\AppData\Local\GitHubDesktop\bin;C:\Users\ishav\AppData\Roaming\npm;C:\WINDOWS\System32;
USERNAME=ishav
OS=Windows_NT
PROCESSOR_IDENTIFIER=Intel64 Family 6 Model 142 Stepping 9, GenuineIntel



---------------  S Y S T E M  ---------------

OS: Windows 10 , 64 bit Build 19041 (10.0.19041.804)

CPU:total 4 (initial active 4) (2 cores per cpu, 2 threads per core) family 6 model 142 stepping 9, cmov, cx8, fxsr, mmx, sse, sse2, sse3, ssse3, sse4.1, sse4.2, popcnt, avx, avx2, aes, clmul, erms, 3dnowpref, lzcnt, ht, tsc, tscinvbit, bmi1, bmi2, adx, fma

Memory: 4k page, system-wide physical 8107M (1389M free)
TotalPageFile size 8107M (AvailPageFile size 1M)
current process WorkingSet (physical memory assigned to process): 173M, peak: 173M
current process commit charge ("private bytes"): 253M, peak: 254M

vm_info: Java HotSpot(TM) 64-Bit Server VM (13.0.2+8) for windows-amd64 JRE (13.0.2+8), built on Dec 11 2019 09:20:33 by "mach5one" with unknown MS VC++:1916

END.
